{"C:\\Users\\WIN10\\האחסון שלי\\projects\\biobotil\\services\\billingService.ts": {"path":"C:\\Users\\WIN10\\האחסון שלי\\projects\\biobotil\\services\\billingService.ts","statementMap":{"0":{"start":{"line":7,"column":16},"end":{"line":12,"column":null}},"1":{"start":{"line":17,"column":29},"end":{"line":25,"column":null}},"2":{"start":{"line":18,"column":23},"end":{"line":18,"column":null}},"3":{"start":{"line":19,"column":2},"end":{"line":22,"column":null}},"4":{"start":{"line":20,"column":4},"end":{"line":20,"column":null}},"5":{"start":{"line":21,"column":4},"end":{"line":21,"column":null}},"6":{"start":{"line":24,"column":2},"end":{"line":24,"column":null}},"7":{"start":{"line":30,"column":33},"end":{"line":48,"column":null}},"8":{"start":{"line":31,"column":2},"end":{"line":47,"column":null}},"9":{"start":{"line":32,"column":10},"end":{"line":32,"column":null}},"10":{"start":{"line":33,"column":21},"end":{"line":33,"column":null}},"11":{"start":{"line":35,"column":4},"end":{"line":38,"column":null}},"12":{"start":{"line":36,"column":6},"end":{"line":36,"column":null}},"13":{"start":{"line":37,"column":6},"end":{"line":37,"column":null}},"14":{"start":{"line":40,"column":39},"end":{"line":40,"column":null}},"15":{"start":{"line":41,"column":4},"end":{"line":41,"column":null}},"16":{"start":{"line":43,"column":4},"end":{"line":43,"column":null}},"17":{"start":{"line":46,"column":4},"end":{"line":46,"column":null}},"18":{"start":{"line":53,"column":36},"end":{"line":66,"column":null}},"19":{"start":{"line":54,"column":2},"end":{"line":54,"column":null}},"20":{"start":{"line":54,"column":19},"end":{"line":54,"column":null}},"21":{"start":{"line":56,"column":2},"end":{"line":65,"column":null}},"22":{"start":{"line":57,"column":10},"end":{"line":57,"column":null}},"23":{"start":{"line":58,"column":4},"end":{"line":60,"column":null}},"24":{"start":{"line":62,"column":4},"end":{"line":62,"column":null}}},"fnMap":{"0":{"name":"(anonymous_0)","decl":{"start":{"line":17,"column":29},"end":{"line":17,"column":30}},"loc":{"start":{"line":17,"column":99},"end":{"line":25,"column":null}},"line":17},"1":{"name":"(anonymous_1)","decl":{"start":{"line":30,"column":33},"end":{"line":30,"column":63}},"loc":{"start":{"line":30,"column":63},"end":{"line":48,"column":null}},"line":30},"2":{"name":"(anonymous_2)","decl":{"start":{"line":53,"column":36},"end":{"line":53,"column":43}},"loc":{"start":{"line":53,"column":77},"end":{"line":66,"column":null}},"line":53}},"branchMap":{"0":{"loc":{"start":{"line":19,"column":2},"end":{"line":22,"column":null}},"type":"if","locations":[{"start":{"line":19,"column":2},"end":{"line":22,"column":null}},{"start":{},"end":{}}],"line":19},"1":{"loc":{"start":{"line":35,"column":4},"end":{"line":38,"column":null}},"type":"if","locations":[{"start":{"line":35,"column":4},"end":{"line":38,"column":null}},{"start":{},"end":{}}],"line":35},"2":{"loc":{"start":{"line":54,"column":2},"end":{"line":54,"column":null}},"type":"if","locations":[{"start":{"line":54,"column":2},"end":{"line":54,"column":null}},{"start":{},"end":{}}],"line":54}},"s":{"0":1,"1":1,"2":3,"3":3,"4":1,"5":1,"6":2,"7":1,"8":4,"9":4,"10":4,"11":3,"12":1,"13":1,"14":2,"15":2,"16":1,"17":1,"18":1,"19":3,"20":1,"21":2,"22":2,"23":2,"24":1},"f":{"0":3,"1":4,"2":3},"b":{"0":[1,2],"1":[1,2],"2":[1,2]},"meta":{"lastBranch":3,"lastFunction":3,"lastStatement":25,"seen":{"s:7:16:12:Infinity":0,"s:17:29:25:Infinity":1,"f:17:29:17:30":0,"s:18:23:18:Infinity":2,"b:19:2:22:Infinity:undefined:undefined:undefined:undefined":0,"s:19:2:22:Infinity":3,"s:20:4:20:Infinity":4,"s:21:4:21:Infinity":5,"s:24:2:24:Infinity":6,"s:30:33:48:Infinity":7,"f:30:33:30:63":1,"s:31:2:47:Infinity":8,"s:32:10:32:Infinity":9,"s:33:21:33:Infinity":10,"b:35:4:38:Infinity:undefined:undefined:undefined:undefined":1,"s:35:4:38:Infinity":11,"s:36:6:36:Infinity":12,"s:37:6:37:Infinity":13,"s:40:39:40:Infinity":14,"s:41:4:41:Infinity":15,"s:43:4:43:Infinity":16,"s:46:4:46:Infinity":17,"s:53:36:66:Infinity":18,"f:53:36:53:43":2,"b:54:2:54:Infinity:undefined:undefined:undefined:undefined":2,"s:54:2:54:Infinity":19,"s:54:19:54:Infinity":20,"s:56:2:65:Infinity":21,"s:57:10:57:Infinity":22,"s:58:4:60:Infinity":23,"s:62:4:62:Infinity":24}}}
}
