{"C:\\Users\\WIN10\\האחסון שלי\\projects\\biobotil\\types.ts": {"path":"C:\\Users\\WIN10\\האחסון שלי\\projects\\biobotil\\types.ts","statementMap":{"0":{"start":{"line":1,"column":7},"end":{"line":1,"column":null}},"1":{"start":{"line":2,"column":2},"end":{"line":2,"column":null}},"2":{"start":{"line":3,"column":2},"end":{"line":3,"column":null}},"3":{"start":{"line":1,"column":12},"end":{"line":1,"column":null}},"4":{"start":{"line":6,"column":7},"end":{"line":6,"column":null}},"5":{"start":{"line":7,"column":2},"end":{"line":7,"column":null}},"6":{"start":{"line":8,"column":2},"end":{"line":8,"column":null}},"7":{"start":{"line":9,"column":2},"end":{"line":9,"column":null}},"8":{"start":{"line":10,"column":2},"end":{"line":10,"column":null}},"9":{"start":{"line":11,"column":2},"end":{"line":11,"column":null}},"10":{"start":{"line":6,"column":12},"end":{"line":6,"column":null}}},"fnMap":{"0":{"name":"(anonymous_0)","decl":{"start":{"line":1,"column":7},"end":{"line":1,"column":12}},"loc":{"start":{"line":1,"column":7},"end":{"line":1,"column":null}},"line":1},"1":{"name":"(anonymous_1)","decl":{"start":{"line":6,"column":7},"end":{"line":6,"column":12}},"loc":{"start":{"line":6,"column":7},"end":{"line":6,"column":null}},"line":6}},"branchMap":{"0":{"loc":{"start":{"line":1,"column":12},"end":{"line":1,"column":null}},"type":"binary-expr","locations":[{"start":{"line":1,"column":12},"end":{"line":1,"column":null}},{"start":{"line":1,"column":12},"end":{"line":1,"column":null}}],"line":1},"1":{"loc":{"start":{"line":6,"column":12},"end":{"line":6,"column":null}},"type":"binary-expr","locations":[{"start":{"line":6,"column":12},"end":{"line":6,"column":null}},{"start":{"line":6,"column":12},"end":{"line":6,"column":null}}],"line":6}},"s":{"0":1,"1":1,"2":1,"3":1,"4":1,"5":1,"6":1,"7":1,"8":1,"9":1,"10":1},"f":{"0":1,"1":1},"b":{"0":[1,1],"1":[1,1]},"meta":{"lastBranch":2,"lastFunction":2,"lastStatement":11,"seen":{"s:1:7:1:Infinity":0,"f:1:7:1:12":0,"s:2:2:2:Infinity":1,"s:3:2:3:Infinity":2,"s:1:12:1:Infinity":3,"b:1:12:1:Infinity:1:12:1:Infinity":0,"s:6:7:6:Infinity":4,"f:6:7:6:12":1,"s:7:2:7:Infinity":5,"s:8:2:8:Infinity":6,"s:9:2:9:Infinity":7,"s:10:2:10:Infinity":8,"s:11:2:11:Infinity":9,"s:6:12:6:Infinity":10,"b:6:12:6:Infinity:6:12:6:Infinity":1}}}
,"C:\\Users\\WIN10\\האחסון שלי\\projects\\biobotil\\services\\geminiService.ts": {"path":"C:\\Users\\WIN10\\האחסון שלי\\projects\\biobotil\\services\\geminiService.ts","statementMap":{"0":{"start":{"line":6,"column":19},"end":{"line":6,"column":null}},"1":{"start":{"line":7,"column":20},"end":{"line":7,"column":null}},"2":{"start":{"line":10,"column":40},"end":{"line":10,"column":null}},"3":{"start":{"line":11,"column":35},"end":{"line":11,"column":null}},"4":{"start":{"line":13,"column":17},"end":{"line":19,"column":null}},"5":{"start":{"line":14,"column":2},"end":{"line":17,"column":null}},"6":{"start":{"line":15,"column":4},"end":{"line":15,"column":null}},"7":{"start":{"line":16,"column":4},"end":{"line":16,"column":null}},"8":{"start":{"line":18,"column":2},"end":{"line":18,"column":null}},"9":{"start":{"line":23,"column":36},"end":{"line":23,"column":null}},"10":{"start":{"line":62,"column":33},"end":{"line":62,"column":null}},"11":{"start":{"line":74,"column":34},"end":{"line":125,"column":null}},"12":{"start":{"line":82,"column":13},"end":{"line":82,"column":null}},"13":{"start":{"line":83,"column":2},"end":{"line":83,"column":null}},"14":{"start":{"line":85,"column":16},"end":{"line":85,"column":null}},"15":{"start":{"line":86,"column":22},"end":{"line":86,"column":null}},"16":{"start":{"line":88,"column":2},"end":{"line":121,"column":null}},"17":{"start":{"line":89,"column":6},"end":{"line":120,"column":null}},"18":{"start":{"line":90,"column":23},"end":{"line":97,"column":null}},"19":{"start":{"line":99,"column":25},"end":{"line":99,"column":null}},"20":{"start":{"line":101,"column":10},"end":{"line":105,"column":null}},"21":{"start":{"line":102,"column":12},"end":{"line":104,"column":null}},"22":{"start":{"line":103,"column":14},"end":{"line":103,"column":null}},"23":{"start":{"line":106,"column":10},"end":{"line":106,"column":null}},"24":{"start":{"line":108,"column":31},"end":{"line":108,"column":null}},"25":{"start":{"line":110,"column":11},"end":{"line":116,"column":null}},"26":{"start":{"line":111,"column":14},"end":{"line":111,"column":null}},"27":{"start":{"line":112,"column":31},"end":{"line":112,"column":null}},"28":{"start":{"line":113,"column":14},"end":{"line":113,"column":null}},"29":{"start":{"line":114,"column":14},"end":{"line":114,"column":null}},"30":{"start":{"line":115,"column":14},"end":{"line":115,"column":null}},"31":{"start":{"line":119,"column":11},"end":{"line":119,"column":null}},"32":{"start":{"line":124,"column":2},"end":{"line":124,"column":null}},"33":{"start":{"line":129,"column":14},"end":{"line":129,"column":null}},"34":{"start":{"line":129,"column":30},"end":{"line":129,"column":null}},"35":{"start":{"line":129,"column":53},"end":{"line":129,"column":76}},"36":{"start":{"line":131,"column":31},"end":{"line":309,"column":null}},"37":{"start":{"line":136,"column":13},"end":{"line":136,"column":null}},"38":{"start":{"line":139,"column":22},"end":{"line":139,"column":null}},"39":{"start":{"line":140,"column":18},"end":{"line":140,"column":null}},"40":{"start":{"line":142,"column":23},"end":{"line":142,"column":null}},"41":{"start":{"line":143,"column":26},"end":{"line":143,"column":null}},"42":{"start":{"line":146,"column":25},"end":{"line":186,"column":null}},"43":{"start":{"line":188,"column":17},"end":{"line":203,"column":null}},"44":{"start":{"line":215,"column":16},"end":{"line":215,"column":null}},"45":{"start":{"line":216,"column":22},"end":{"line":216,"column":null}},"46":{"start":{"line":218,"column":2},"end":{"line":307,"column":null}},"47":{"start":{"line":219,"column":4},"end":{"line":306,"column":null}},"48":{"start":{"line":220,"column":23},"end":{"line":228,"column":null}},"49":{"start":{"line":230,"column":6},"end":{"line":230,"column":null}},"50":{"start":{"line":230,"column":26},"end":{"line":230,"column":null}},"51":{"start":{"line":232,"column":19},"end":{"line":232,"column":null}},"52":{"start":{"line":233,"column":36},"end":{"line":233,"column":null}},"53":{"start":{"line":236,"column":6},"end":{"line":239,"column":null}},"54":{"start":{"line":242,"column":6},"end":{"line":261,"column":null}},"55":{"start":{"line":243,"column":10},"end":{"line":250,"column":null}},"56":{"start":{"line":252,"column":10},"end":{"line":260,"column":null}},"57":{"start":{"line":264,"column":6},"end":{"line":281,"column":null}},"58":{"start":{"line":265,"column":10},"end":{"line":272,"column":null}},"59":{"start":{"line":274,"column":10},"end":{"line":280,"column":null}},"60":{"start":{"line":283,"column":6},"end":{"line":283,"column":null}},"61":{"start":{"line":287,"column":26},"end":{"line":287,"column":null}},"62":{"start":{"line":289,"column":6},"end":{"line":301,"column":null}},"63":{"start":{"line":290,"column":8},"end":{"line":290,"column":null}},"64":{"start":{"line":291,"column":8},"end":{"line":300,"column":null}},"65":{"start":{"line":292,"column":27},"end":{"line":292,"column":null}},"66":{"start":{"line":293,"column":10},"end":{"line":293,"column":null}},"67":{"start":{"line":294,"column":10},"end":{"line":294,"column":null}},"68":{"start":{"line":295,"column":10},"end":{"line":295,"column":null}},"69":{"start":{"line":298,"column":11},"end":{"line":298,"column":null}},"70":{"start":{"line":299,"column":11},"end":{"line":299,"column":null}},"71":{"start":{"line":303,"column":6},"end":{"line":303,"column":null}},"72":{"start":{"line":305,"column":6},"end":{"line":305,"column":null}},"73":{"start":{"line":308,"column":2},"end":{"line":308,"column":null}}},"fnMap":{"0":{"name":"(anonymous_0)","decl":{"start":{"line":13,"column":17},"end":{"line":13,"column":18}},"loc":{"start":{"line":13,"column":50},"end":{"line":19,"column":null}},"line":13},"1":{"name":"(anonymous_1)","decl":{"start":{"line":74,"column":34},"end":{"line":74,"column":null}},"loc":{"start":{"line":80,"column":5},"end":{"line":125,"column":null}},"line":80},"2":{"name":"(anonymous_2)","decl":{"start":{"line":129,"column":14},"end":{"line":129,"column":15}},"loc":{"start":{"line":129,"column":30},"end":{"line":129,"column":null}},"line":129},"3":{"name":"(anonymous_3)","decl":{"start":{"line":129,"column":42},"end":{"line":129,"column":53}},"loc":{"start":{"line":129,"column":53},"end":{"line":129,"column":76}},"line":129},"4":{"name":"(anonymous_4)","decl":{"start":{"line":131,"column":31},"end":{"line":131,"column":null}},"loc":{"start":{"line":134,"column":28},"end":{"line":309,"column":null}},"line":134}},"branchMap":{"0":{"loc":{"start":{"line":14,"column":2},"end":{"line":17,"column":null}},"type":"if","locations":[{"start":{"line":14,"column":2},"end":{"line":17,"column":null}},{"start":{},"end":{}}],"line":14},"1":{"loc":{"start":{"line":14,"column":6},"end":{"line":14,"column":50}},"type":"binary-expr","locations":[{"start":{"line":14,"column":6},"end":{"line":14,"column":24}},{"start":{"line":14,"column":24},"end":{"line":14,"column":50}}],"line":14},"2":{"loc":{"start":{"line":79,"column":2},"end":{"line":79,"column":null}},"type":"default-arg","locations":[{"start":{"line":79,"column":21},"end":{"line":79,"column":null}}],"line":79},"3":{"loc":{"start":{"line":93,"column":33},"end":{"line":93,"column":null}},"type":"cond-expr","locations":[{"start":{"line":93,"column":43},"end":{"line":93,"column":70}},{"start":{"line":93,"column":70},"end":{"line":93,"column":null}}],"line":93},"4":{"loc":{"start":{"line":102,"column":12},"end":{"line":104,"column":null}},"type":"if","locations":[{"start":{"line":102,"column":12},"end":{"line":104,"column":null}},{"start":{},"end":{}}],"line":102},"5":{"loc":{"start":{"line":108,"column":31},"end":{"line":108,"column":null}},"type":"binary-expr","locations":[{"start":{"line":108,"column":31},"end":{"line":108,"column":37}},{"start":{"line":108,"column":37},"end":{"line":108,"column":57}},{"start":{"line":108,"column":57},"end":{"line":108,"column":75}},{"start":{"line":108,"column":75},"end":{"line":108,"column":105}},{"start":{"line":108,"column":105},"end":{"line":108,"column":null}}],"line":108},"6":{"loc":{"start":{"line":110,"column":11},"end":{"line":116,"column":null}},"type":"if","locations":[{"start":{"line":110,"column":11},"end":{"line":116,"column":null}},{"start":{},"end":{}}],"line":110},"7":{"loc":{"start":{"line":142,"column":23},"end":{"line":142,"column":null}},"type":"cond-expr","locations":[{"start":{"line":142,"column":37},"end":{"line":142,"column":52}},{"start":{"line":142,"column":52},"end":{"line":142,"column":null}}],"line":142},"8":{"loc":{"start":{"line":143,"column":26},"end":{"line":143,"column":null}},"type":"cond-expr","locations":[{"start":{"line":143,"column":36},"end":{"line":143,"column":62}},{"start":{"line":143,"column":62},"end":{"line":143,"column":null}}],"line":143},"9":{"loc":{"start":{"line":156,"column":20},"end":{"line":165,"column":null}},"type":"cond-expr","locations":[{"start":{"line":156,"column":34},"end":{"line":160,"column":12}},{"start":{"line":160,"column":12},"end":{"line":165,"column":null}}],"line":156},"10":{"loc":{"start":{"line":166,"column":18},"end":{"line":168,"column":null}},"type":"cond-expr","locations":[{"start":{"line":167,"column":12},"end":{"line":167,"column":null}},{"start":{"line":168,"column":12},"end":{"line":168,"column":null}}],"line":166},"11":{"loc":{"start":{"line":172,"column":20},"end":{"line":179,"column":null}},"type":"cond-expr","locations":[{"start":{"line":172,"column":30},"end":{"line":176,"column":12}},{"start":{"line":176,"column":12},"end":{"line":179,"column":null}}],"line":172},"12":{"loc":{"start":{"line":180,"column":18},"end":{"line":182,"column":null}},"type":"cond-expr","locations":[{"start":{"line":181,"column":12},"end":{"line":181,"column":null}},{"start":{"line":182,"column":12},"end":{"line":182,"column":null}}],"line":180},"13":{"loc":{"start":{"line":230,"column":6},"end":{"line":230,"column":null}},"type":"if","locations":[{"start":{"line":230,"column":6},"end":{"line":230,"column":null}},{"start":{},"end":{}}],"line":230},"14":{"loc":{"start":{"line":242,"column":6},"end":{"line":261,"column":null}},"type":"if","locations":[{"start":{"line":242,"column":6},"end":{"line":261,"column":null}},{"start":{"line":251,"column":13},"end":{"line":261,"column":null}}],"line":242},"15":{"loc":{"start":{"line":264,"column":6},"end":{"line":281,"column":null}},"type":"if","locations":[{"start":{"line":264,"column":6},"end":{"line":281,"column":null}},{"start":{"line":273,"column":13},"end":{"line":281,"column":null}}],"line":264},"16":{"loc":{"start":{"line":287,"column":26},"end":{"line":287,"column":null}},"type":"binary-expr","locations":[{"start":{"line":287,"column":26},"end":{"line":287,"column":32}},{"start":{"line":287,"column":32},"end":{"line":287,"column":52}},{"start":{"line":287,"column":52},"end":{"line":287,"column":70}},{"start":{"line":287,"column":70},"end":{"line":287,"column":100}},{"start":{"line":287,"column":100},"end":{"line":287,"column":null}}],"line":287},"17":{"loc":{"start":{"line":289,"column":6},"end":{"line":301,"column":null}},"type":"if","locations":[{"start":{"line":289,"column":6},"end":{"line":301,"column":null}},{"start":{},"end":{}}],"line":289},"18":{"loc":{"start":{"line":291,"column":8},"end":{"line":300,"column":null}},"type":"if","locations":[{"start":{"line":291,"column":8},"end":{"line":300,"column":null}},{"start":{"line":296,"column":15},"end":{"line":300,"column":null}}],"line":291}},"s":{"0":1,"1":1,"2":1,"3":1,"4":1,"5":1,"6":1,"7":1,"8":1,"9":1,"10":1,"11":1,"12":1,"13":1,"14":1,"15":1,"16":1,"17":1,"18":1,"19":1,"20":1,"21":0,"22":0,"23":1,"24":0,"25":0,"26":0,"27":0,"28":0,"29":0,"30":0,"31":0,"32":0,"33":1,"34":0,"35":0,"36":1,"37":0,"38":0,"39":0,"40":0,"41":0,"42":0,"43":0,"44":0,"45":0,"46":0,"47":0,"48":0,"49":0,"50":0,"51":0,"52":0,"53":0,"54":0,"55":0,"56":0,"57":0,"58":0,"59":0,"60":0,"61":0,"62":0,"63":0,"64":0,"65":0,"66":0,"67":0,"68":0,"69":0,"70":0,"71":0,"72":0,"73":0},"f":{"0":1,"1":1,"2":0,"3":0,"4":0},"b":{"0":[1,0],"1":[1,0],"2":[1],"3":[0,1],"4":[0,0],"5":[0,0,0,0,0],"6":[0,0],"7":[0,0],"8":[0,0],"9":[0,0],"10":[0,0],"11":[0,0],"12":[0,0],"13":[0,0],"14":[0,0],"15":[0,0],"16":[0,0,0,0,0],"17":[0,0],"18":[0,0]},"meta":{"lastBranch":19,"lastFunction":5,"lastStatement":74,"seen":{"s:6:19:6:Infinity":0,"s:7:20:7:Infinity":1,"s:10:40:10:Infinity":2,"s:11:35:11:Infinity":3,"s:13:17:19:Infinity":4,"f:13:17:13:18":0,"b:14:2:17:Infinity:undefined:undefined:undefined:undefined":0,"s:14:2:17:Infinity":5,"b:14:6:14:24:14:24:14:50":1,"s:15:4:15:Infinity":6,"s:16:4:16:Infinity":7,"s:18:2:18:Infinity":8,"s:23:36:23:Infinity":9,"s:62:33:62:Infinity":10,"s:74:34:125:Infinity":11,"f:74:34:74:Infinity":1,"b:79:21:79:Infinity":2,"s:82:13:82:Infinity":12,"s:83:2:83:Infinity":13,"s:85:16:85:Infinity":14,"s:86:22:86:Infinity":15,"s:88:2:121:Infinity":16,"s:89:6:120:Infinity":17,"s:90:23:97:Infinity":18,"b:93:43:93:70:93:70:93:Infinity":3,"s:99:25:99:Infinity":19,"s:101:10:105:Infinity":20,"b:102:12:104:Infinity:undefined:undefined:undefined:undefined":4,"s:102:12:104:Infinity":21,"s:103:14:103:Infinity":22,"s:106:10:106:Infinity":23,"s:108:31:108:Infinity":24,"b:108:31:108:37:108:37:108:57:108:57:108:75:108:75:108:105:108:105:108:Infinity":5,"b:110:11:116:Infinity:undefined:undefined:undefined:undefined":6,"s:110:11:116:Infinity":25,"s:111:14:111:Infinity":26,"s:112:31:112:Infinity":27,"s:113:14:113:Infinity":28,"s:114:14:114:Infinity":29,"s:115:14:115:Infinity":30,"s:119:11:119:Infinity":31,"s:124:2:124:Infinity":32,"s:129:14:129:Infinity":33,"f:129:14:129:15":2,"s:129:30:129:Infinity":34,"f:129:42:129:53":3,"s:129:53:129:76":35,"s:131:31:309:Infinity":36,"f:131:31:131:Infinity":4,"s:136:13:136:Infinity":37,"s:139:22:139:Infinity":38,"s:140:18:140:Infinity":39,"s:142:23:142:Infinity":40,"b:142:37:142:52:142:52:142:Infinity":7,"s:143:26:143:Infinity":41,"b:143:36:143:62:143:62:143:Infinity":8,"s:146:25:186:Infinity":42,"b:156:34:160:12:160:12:165:Infinity":9,"b:167:12:167:Infinity:168:12:168:Infinity":10,"b:172:30:176:12:176:12:179:Infinity":11,"b:181:12:181:Infinity:182:12:182:Infinity":12,"s:188:17:203:Infinity":43,"s:215:16:215:Infinity":44,"s:216:22:216:Infinity":45,"s:218:2:307:Infinity":46,"s:219:4:306:Infinity":47,"s:220:23:228:Infinity":48,"b:230:6:230:Infinity:undefined:undefined:undefined:undefined":13,"s:230:6:230:Infinity":49,"s:230:26:230:Infinity":50,"s:232:19:232:Infinity":51,"s:233:36:233:Infinity":52,"s:236:6:239:Infinity":53,"b:242:6:261:Infinity:251:13:261:Infinity":14,"s:242:6:261:Infinity":54,"s:243:10:250:Infinity":55,"s:252:10:260:Infinity":56,"b:264:6:281:Infinity:273:13:281:Infinity":15,"s:264:6:281:Infinity":57,"s:265:10:272:Infinity":58,"s:274:10:280:Infinity":59,"s:283:6:283:Infinity":60,"s:287:26:287:Infinity":61,"b:287:26:287:32:287:32:287:52:287:52:287:70:287:70:287:100:287:100:287:Infinity":16,"b:289:6:301:Infinity:undefined:undefined:undefined:undefined":17,"s:289:6:301:Infinity":62,"s:290:8:290:Infinity":63,"b:291:8:300:Infinity:296:15:300:Infinity":18,"s:291:8:300:Infinity":64,"s:292:27:292:Infinity":65,"s:293:10:293:Infinity":66,"s:294:10:294:Infinity":67,"s:295:10:295:Infinity":68,"s:298:11:298:Infinity":69,"s:299:11:299:Infinity":70,"s:303:6:303:Infinity":71,"s:305:6:305:Infinity":72,"s:308:2:308:Infinity":73}}}
}
